
================================================================
======== FXServer starting - 09/07/2021, 22:24:22
================================================================
[38;5;161m[    c-scripting-core] Creating script environments for _cfx_internal
[38;5;73m[ citizen-server-impl] Scanning resources.
[38;5;73m[ citizen-server-impl] Found 169 resources.
[38;5;73m[ citizen-server-impl] Some resources have an outdated resource manifest:
[38;5;73m[ citizen-server-impl]     - InteractSound
[38;5;73m[ citizen-server-impl]     - banking
[38;5;73m[ citizen-server-impl]     - baseevents
[38;5;73m[ citizen-server-impl]     - boatshop
[38;5;73m[ citizen-server-impl]     - carwash
[38;5;73m[ citizen-server-impl]     - debug
[38;5;73m[ citizen-server-impl]     - es_taxi
[38;5;73m[ citizen-server-impl]     - jobsystem
[38;5;73m[ citizen-server-impl]     - kian
[38;5;73m[ citizen-server-impl]     - position
[38;5;73m[ citizen-server-impl]     - prp-actionbar
[38;5;73m[ citizen-server-impl]     - prp-dealer
[38;5;73m[ citizen-server-impl]     - prp-furniture
[38;5;73m[ citizen-server-impl]     - prp-mining
[38;5;73m[ citizen-server-impl]     - prp-news
[38;5;73m[ citizen-server-impl]     - prp-notepad
[38;5;73m[ citizen-server-impl]     - prp-oBinoculars
[38;5;73m[ citizen-server-impl]     - prp-oCam
[38;5;73m[ citizen-server-impl]     - prp-oGasStations
[38;5;73m[ citizen-server-impl]     - prp-oHideFrames
[38;5;73m[ citizen-server-impl]     - prp-oPlayerNumbers
[38;5;73m[ citizen-server-impl]     - prp-oRecoil
[38;5;73m[ citizen-server-impl]     - prp-oStress
[38;5;73m[ citizen-server-impl]     - prp-stripperbitches
[38;5;73m[ citizen-server-impl]     - prp-taskbarskill
[38;5;73m[ citizen-server-impl]     - prp-tasknotify
[38;5;73m[ citizen-server-impl]     - prp-taximeter
[38;5;73m[ citizen-server-impl]     - prp-tow
[38;5;73m[ citizen-server-impl]     - prp-tuner
[38;5;73m[ citizen-server-impl]     - prp-uberdelivery
[38;5;73m[ citizen-server-impl]     - sessionmanager
[38;5;73m[ citizen-server-impl]     - towtruckjob
[38;5;73m[ citizen-server-impl] 
[38;5;73m[ citizen-server-impl] Please update these resources.
[38;5;161m[    c-scripting-core] Creating script environments for sessionmanager
[38;5;73m[ citizen-server-impl] Started resource sessionmanager
[38;5;161m[    c-scripting-core] Creating script environments for monitor
[38;5;84m[      script:monitor] [txAdminClient] Version 4.3.1 starting...
[38;5;73m[ citizen-server-impl] Started resource monitor
[38;5;78m[              cmdsys] No such command database=essentialmode.
[38;5;78m[              cmdsys] No such command userid=root.
[38;5;78m[              cmdsys] No such command ”.
[38;5;161m[    c-scripting-core] Creating script environments for mapmanager
[38;5;73m[ citizen-server-impl] Started resource mapmanager
[38;5;161m[    c-scripting-core] Creating script environments for chat
[38;5;73m[ citizen-server-impl] Started resource chat
[38;5;154m[   script:mapmanager] Started gametype Freeroam
[38;5;73m[ citizen-server-impl] Started resource basic-gamemode
[38;5;73m[ citizen-server-impl] Started resource fivem
[38;5;161m[    c-scripting-core] Creating script environments for hardcap
[38;5;73m[ citizen-server-impl] Started resource hardcap
[38;5;161m[    c-scripting-core] Creating script environments for rconlog
[38;5;73m[ citizen-server-impl] Started resource rconlog
[38;5;73m[ citizen-server-impl] Couldn't find resource prp-chat.
[38;5;161m[    c-scripting-core] Creating script environments for ghmattimysql
[38;5;73m[ citizen-server-impl] Started resource ghmattimysql
[38;5;161m[    c-scripting-core] Creating script environments for async
[38;5;73m[ citizen-server-impl] Started resource async
[38;5;161m[    c-scripting-core] Creating script environments for mysql-async
[38;5;73m[ citizen-server-impl] Started resource mysql-async
[38;5;161m[    c-scripting-core] Creating script environments for prp-base
[38;5;73m[ citizen-server-impl] Started resource prp-base
[38;5;161m[    c-scripting-core] Creating script environments for prp-login
[38;5;73m[ citizen-server-impl] Started resource prp-login
[38;5;161m[    c-scripting-core] Creating script environments for prp-errorlog
[38;5;73m[ citizen-server-impl] Started resource prp-infinity
[38;5;161m[    c-scripting-core] Creating script environments for vSync
[38;5;73m[ citizen-server-impl] Started resource vSync
[38;5;161m[    c-scripting-core] Creating script environments for radio
[38;5;73m[ citizen-server-impl] Started resource radio
[38;5;73m[ citizen-server-impl] Started resource loadscreen
[38;5;161m[    c-scripting-core] Creating script environments for prp-doors
[38;5;73m[ citizen-server-impl] Started resource prp-doors
[38;5;161m[    c-scripting-core] Creating script environments for pma-voice
[38;5;73m[ citizen-server-impl] Started resource pma-voice
[38;5;73m[ citizen-server-impl] Couldn't find resource richpresence.
[38;5;73m[ citizen-server-impl] Started resource warmenu
[38;5;73m[ citizen-server-impl] Started resource bob74_ipl
[38;5;73m[ citizen-server-impl] Started resource iplLoader
[38;5;161m[    c-scripting-core] Creating script environments for InteractSound
[38;5;73m[ citizen-server-impl] Started resource InteractSound
[38;5;161m[    c-scripting-core] Creating script environments for EasyAdmin
[38;5;73m[ citizen-server-impl] Started resource EasyAdmin
[38;5;73m[ citizen-server-impl] Started resource isPed
[38;5;161m[    c-scripting-core] Creating script environments for PolyZone
[38;5;73m[ citizen-server-impl] Started resource PolyZone
[38;5;161m[    c-scripting-core] Creating script environments for prp-motels
[38;5;73m[ citizen-server-impl] Started resource prp-motels
[38;5;161m[    c-scripting-core] Creating script environments for prp-reportui
[38;5;73m[ citizen-server-impl] Started resource prp-reportui
[38;5;161m[    c-scripting-core] Creating script environments for prp-evidence
[38;5;73m[ citizen-server-impl] Started resource prp-evidence
[38;5;161m[    c-scripting-core] Creating script environments for prp-assets
[38;5;73m[ citizen-server-impl] Started resource prp-assets
[38;5;161m[    c-scripting-core] Creating script environments for prp-bennys
[38;5;73m[ citizen-server-impl] Started resource prp-bennys
[38;5;161m[    c-scripting-core] Creating script environments for prp-bennysmech
[38;5;73m[ citizen-server-impl] Started resource prp-bennysmech
[38;5;161m[    c-scripting-core] Creating script environments for prp-garage
[38;5;73m[ citizen-server-impl] Started resource prp-garage
[38;5;161m[    c-scripting-core] Creating script environments for prp-ems
[38;5;73m[ citizen-server-impl] Started resource prp-ems
[38;5;161m[    c-scripting-core] Creating script environments for prp-deathmanager
[38;5;73m[ citizen-server-impl] Started resource prp-deathmanager
[38;5;161m[    c-scripting-core] Creating script environments for prp-menu
[38;5;73m[ citizen-server-impl] Started resource prp-menu
[38;5;73m[ citizen-server-impl] Started resource prp-oPlayerNumbers
[38;5;161m[    c-scripting-core] Creating script environments for prp-taximeter
[38;5;73m[ citizen-server-impl] Started resource prp-taximeter
[38;5;161m[    c-scripting-core] Creating script environments for prp-scoreboard
[38;5;73m[ citizen-server-impl] Started resource prp-scoreboard
[38;5;161m[    c-scripting-core] Creating script environments for prp-admin
[38;5;73m[ citizen-server-impl] Started resource prp-admin
[38;5;161m[    c-scripting-core] Creating script environments for prp-actionbar
[38;5;73m[ citizen-server-impl] Started resource prp-actionbar
[38;5;73m[ citizen-server-impl] Started resource prp-taskbar
[38;5;73m[ citizen-server-impl] Started resource prp-taskbarskill
[38;5;161m[    c-scripting-core] Creating script environments for prp-inventory
[38;5;73m[ citizen-server-impl] Started resource prp-inventory
[38;5;73m[ citizen-server-impl] Started resource prp-fx
[38;5;73m[ citizen-server-impl] Started resource prp-gunmetaDLC
[38;5;73m[ citizen-server-impl] Started resource prp-gunmeta
[38;5;73m[ citizen-server-impl] Started resource prp-tasknotify
[38;5;161m[    c-scripting-core] Creating script environments for prp-mechanic
[38;5;73m[ citizen-server-impl] Started resource prp-mechanic
[38;5;161m[    c-scripting-core] Creating script environments for prp-dispatch
[38;5;73m[ citizen-server-impl] Started resource prp-dispatch
[38;5;161m[    c-scripting-core] Creating script environments for police
[38;5;73m[ citizen-server-impl] Started resource police
[38;5;161m[    c-scripting-core] Creating script environments for prp-phone
[38;5;73m[ citizen-server-impl] Started resource prp-phone
[38;5;161m[    c-scripting-core] Creating script environments for prp-robbery
[38;5;73m[ citizen-server-impl] Started resource prp-robbery
[38;5;73m[ citizen-server-impl] Started resource prp-lockpicking
[38;5;161m[    c-scripting-core] Creating script environments for prp-thermite
[38;5;73m[ citizen-server-impl] Started resource prp-thermite
[38;5;73m[ citizen-server-impl] Started resource prp-oStress
[38;5;161m[    c-scripting-core] Creating script environments for prp-drag
[38;5;73m[ citizen-server-impl] Started resource prp-drag
[38;5;73m[ citizen-server-impl] Started resource prp-trunk
[38;5;161m[    c-scripting-core] Creating script environments for prp-keys
[38;5;73m[ citizen-server-impl] Started resource prp-keys
[38;5;73m[ citizen-server-impl] Started resource prp-oGasStations
[38;5;73m[ citizen-server-impl] Started resource prp-tuner
[38;5;161m[    c-scripting-core] Creating script environments for prp-oVehicleMod
[38;5;73m[ citizen-server-impl] Started resource prp-oVehicleMod
[38;5;73m[ citizen-server-impl] Started resource prp-density
[38;5;161m[    c-scripting-core] Creating script environments for prp-notepad
[38;5;73m[ citizen-server-impl] Started resource prp-notepad
[38;5;161m[    c-scripting-core] Creating script environments for prp-drugdeliveries
[38;5;73m[ citizen-server-impl] Started resource prp-drugdeliveries
[38;5;73m[ citizen-server-impl] Started resource prp-driftschool
[38;5;73m[ citizen-server-impl] Started resource prp-oRecoil
[38;5;73m[ citizen-server-impl] Couldn't find resource prp-barriers.
[38;5;73m[ citizen-server-impl] Started resource prp-dealer
[38;5;161m[    c-scripting-core] Creating script environments for prp-stripperbitches
[38;5;73m[ citizen-server-impl] Started resource prp-stripperbitches
[38;5;161m[    c-scripting-core] Creating script environments for prp-weapons
[38;5;73m[ citizen-server-impl] Started resource prp-weapons
[38;5;73m[ citizen-server-impl] Started resource prp-stripclub
[38;5;73m[ citizen-server-impl] Started resource prp-oBinoculars
[38;5;73m[ citizen-server-impl] Started resource prp-oHideFrames
[38;5;73m[ citizen-server-impl] Couldn't find resource xhair.
[38;5;161m[    c-scripting-core] Creating script environments for prp-chickenjob
[38;5;73m[ citizen-server-impl] Started resource prp-chickenjob
[38;5;73m[ citizen-server-impl] Started resource prp-newsJob
[38;5;161m[    c-scripting-core] Creating script environments for prp-securityheists
[38;5;73m[ citizen-server-impl] Started resource prp-securityheists
[38;5;73m[ citizen-server-impl] Couldn't find resource prp-golf.
[38;5;161m[    c-scripting-core] Creating script environments for prp-gangs
[38;5;73m[ citizen-server-impl] Started resource prp-gangs
[38;5;161m[    c-scripting-core] Creating script environments for prp-uberdelivery
[38;5;73m[ citizen-server-impl] Started resource prp-uberdelivery
[38;5;161m[    c-scripting-core] Creating script environments for prp-hunting
[38;5;73m[ citizen-server-impl] Started resource prp-hunting
[38;5;73m[ citizen-server-impl] Couldn't find resource prp-tacoshop.
[38;5;73m[ citizen-server-impl] Couldn't find resource prp-drugs.
[38;5;161m[    c-scripting-core] Creating script environments for prp-ping
[38;5;73m[ citizen-server-impl] Started resource prp-ping
[38;5;73m[ citizen-server-impl] Started resource prp-crimeschool
[38;5;161m[    c-scripting-core] Creating script environments for prp-vehdamage
[38;5;73m[ citizen-server-impl] Started resource prp-vehdamage
[38;5;161m[    c-scripting-core] Creating script environments for prp-pizza
[38;5;73m[ citizen-server-impl] Started resource prp-pizza
[38;5;73m[ citizen-server-impl] Started resource prp-threatbar
[38;5;161m[    c-scripting-core] Creating script environments for prp-fish
[38;5;73m[ citizen-server-impl] Started resource prp-fish
[38;5;161m[    c-scripting-core] Creating script environments for prp-mining
[38;5;73m[ citizen-server-impl] Started resource prp-mining
[38;5;161m[    c-scripting-core] Creating script environments for prp-driving-instructor
[38;5;73m[ citizen-server-impl] Started resource prp-driving-instructor
[38;5;73m[ citizen-server-impl] Couldn't find resource integritymlo.
[38;5;161m[    c-scripting-core] Creating script environments for prp-jailsystem
[38;5;73m[ citizen-server-impl] Started resource prp-jailsystem
[38;5;161m[    c-scripting-core] Creating script environments for prp-jewelrob
[38;5;73m[ citizen-server-impl] Started resource prp-jewelrob
[38;5;161m[    c-scripting-core] Creating script environments for prp-mdt
[38;5;73m[ citizen-server-impl] Started resource prp-mdt
[38;5;161m[    c-scripting-core] Creating script environments for prp-hospitalization
[38;5;73m[ citizen-server-impl] Started resource prp-hospitalization
[38;5;161m[    c-scripting-core] Creating script environments for prp-hospital
[38;5;73m[ citizen-server-impl] Started resource prp-hospital
[38;5;161m[    c-scripting-core] Creating script environments for prp-gsr
[38;5;73m[ citizen-server-impl] Started resource prp-gsr
[38;5;161m[    c-scripting-core] Creating script environments for prp-food
[38;5;73m[ citizen-server-impl] Started resource prp-food
[38;5;161m[    c-scripting-core] Creating script environments for prp-stash
[38;5;73m[ citizen-server-impl] Started resource prp-stash
[38;5;161m[    c-scripting-core] Creating script environments for prp-pawnshop
[38;5;73m[ citizen-server-impl] Started resource prp-pawnshop
[38;5;73m[ citizen-server-impl] Asset prp-stashouse/stashhouse1_shell.ydr uses 18.7 MiB of physical memory.
[38;5;73m[ citizen-server-impl] Asset prp-stashouse/stashhouse1_shell.ydr uses 20.0 MiB of virtual memory.
[38;5;73m[ citizen-server-impl] Started resource prp-stashouse
[38;5;73m[ citizen-server-impl] Couldn't find resource prp-fightclub.
[38;5;73m[ citizen-server-impl] Started resource prp-tow
[38;5;73m[ citizen-server-impl] Started resource prp-welcome
[38;5;73m[ citizen-server-impl] Started resource prp-target
[38;5;73m[ citizen-server-impl] Started resource prp-interaction
[38;5;73m[ citizen-server-impl] Couldn't find resource prp-vape.
[38;5;161m[    c-scripting-core] Creating script environments for kian
[38;5;73m[ citizen-server-impl] Started resource kian
[38;5;161m[    c-scripting-core] Creating script environments for prp-menudialog
[38;5;73m[ citizen-server-impl] Started resource prp-menudialog
[38;5;161m[    c-scripting-core] Creating script environments for prp-eblips
[38;5;73m[ citizen-server-impl] Started resource prp-eblips
[38;5;161m[    c-scripting-core] Creating script environments for spikestrips
[38;5;73m[ citizen-server-impl] Started resource spikestrips
[38;5;161m[    c-scripting-core] Creating script environments for prp-dumpsters
[38;5;73m[ citizen-server-impl] Started resource prp-dumpsters
[38;5;73m[ citizen-server-impl] Couldn't find resource prp-clothes.
[38;5;73m[ citizen-server-impl] Couldn't find resource prp_clothes_props.
[38;5;73m[ citizen-server-impl] Couldn't find resource wd-clothes.
[38;5;161m[    c-scripting-core] Creating script environments for veh_shop
[38;5;73m[ citizen-server-impl] Started resource veh_shop
[38;5;161m[    c-scripting-core] Creating script environments for veh_shop_tuner
[38;5;73m[ citizen-server-impl] Started resource veh_shop_tuner
[38;5;161m[    c-scripting-core] Creating script environments for banking
[38;5;73m[ citizen-server-impl] Started resource banking
[38;5;161m[    c-scripting-core] Creating script environments for carandplayerhud
[38;5;73m[ citizen-server-impl] Started resource carandplayerhud
[38;5;73m[ citizen-server-impl] Started resource circlemap
[38;5;73m[ citizen-server-impl] Started resource mhacking
[38;5;161m[    c-scripting-core] Creating script environments for raid_clothes
[38;5;73m[ citizen-server-impl] Started resource raid_clothes
[38;5;73m[ citizen-server-impl] Started resource shops
[38;5;73m[ citizen-server-impl] Started resource prp-mineshaft
[38;5;161m[    c-scripting-core] Creating script environments for emotes
[38;5;73m[ citizen-server-impl] Started resource emotes
[38;5;73m[ citizen-server-impl] Started resource raid_carmenu
[38;5;73m[ citizen-server-impl] Couldn't find resource lmfao.
[38;5;73m[ citizen-server-impl] Couldn't find resource hifi.
[38;5;73m[ citizen-server-impl] Couldn't find resource shit.
[38;5;161m[    c-scripting-core] Creating script environments for trains
[38;5;73m[ citizen-server-impl] Started resource trains
[38;5;161m[    c-scripting-core] Creating script environments for 3dme
[38;5;73m[ citizen-server-impl] Started resource 3dme
[38;5;161m[    c-scripting-core] Creating script environments for heli
[38;5;73m[ citizen-server-impl] Started resource heli
[38;5;73m[ citizen-server-impl] Started resource k9
[38;5;161m[    c-scripting-core] Creating script environments for lux_vehcontrol
[38;5;73m[ citizen-server-impl] Started resource lux_vehcontrol
[38;5;73m[ citizen-server-impl] Started resource jobsystem
[38;5;73m[ citizen-server-impl] Started resource wk_wrs
[38;5;161m[    c-scripting-core] Creating script environments for discord_perms
[38;5;73m[ citizen-server-impl] Started resource discord_perms
[38;5;73m[ citizen-server-impl] Started resource carwash
[38;5;161m[    c-scripting-core] Creating script environments for fib
[38;5;73m[ citizen-server-impl] Started resource fib
[38;5;73m[ citizen-server-impl] Couldn't find resource gabz_pillbox.
[38;5;73m[ citizen-server-impl] Couldn't find resource prp-prison.
[38;5;73m[ citizen-server-impl] Couldn't find resource prp-interior.
[38;5;73m[ citizen-server-impl] Couldn't find resource prp-drift.
[38;5;73m[ citizen-server-impl] Couldn't find resource prp-LMC.
[38;5;73m[ citizen-server-impl] Couldn't find resource prp-mirrorparkautos.
[38;5;73m[ citizen-server-impl] Couldn't find resource gabz_imp_garage.
[38;5;73m[ citizen-server-impl] Couldn't find resource gabz_mrpd.
[38;5;73m[ citizen-server-impl] Couldn't find resource dmv.
[38;5;73m[ citizen-server-impl] Couldn't find resource gabz_bennys.
[38;5;73m[ citizen-server-impl] Couldn't find resource gabz_harmony.
[38;5;73m[ citizen-server-impl] Couldn't find resource pbhunting.
[38;5;73m[ citizen-server-impl] Couldn't find resource urpwheelchair.
[38;5;73m[ citizen-server-impl] Couldn't find resource prp-drift.
[38;5;73m[ citizen-server-impl] Couldn't find resource restraunt.
[38;5;73m[ citizen-server-impl] Couldn't find resource nutt_sagma.
[38;5;73m[ citizen-server-impl] Couldn't find resource luxautos.
[38;5;161m[    c-scripting-core] Creating script environments for prp-gallery
[38;5;73m[ citizen-server-impl] Started resource prp-gallery
[38;5;73m[ citizen-server-impl] Couldn't find resource prp-townhall.
[38;5;161m[    c-scripting-core] Creating script environments for towtruckjob
[38;5;73m[ citizen-server-impl] Started resource towtruckjob
[38;5;161m[    c-scripting-core] Creating script environments for prp-whitewidow
[38;5;73m[ citizen-server-impl] Started resource prp-whitewidow
[38;5;73m[ citizen-server-impl] Couldn't find resource whitewidow.
[38;5;73m[ citizen-server-impl] Couldn't find resource burgershot.
[38;5;73m[ citizen-server-impl] Couldn't find resource prp-lost.
[38;5;73m[ citizen-server-impl] Couldn't find resource prp-carsounds.
[38;5;73m[ citizen-server-impl] Couldn't find resource prp-Vehicles.
[38;5;73m[ citizen-server-impl] Couldn't find resource prp-Wheels.
[38;5;216m[              server] Warning: `onesync_enabled` is deprecated. Please use `onesync legacy` instead.
[38;5;216m[              server] Authenticating server license key...
[38;5;84m[      script:monitor] [txAdminClient] Threads and commands set up. All Ready.
[38;5;66m[          svadhesive] Server license key authentication succeeded. Welcome!
[38;5;128m[    script:EasyAdmin] 
[38;5;128m[    script:EasyAdmin]  _______ _______ _______ __   __ _______ ______  _______ _____ __   _
[38;5;128m[    script:EasyAdmin]  |______ |_____| |______   \_/   |_____| |     \ |  |  |   |   | \  |
[38;5;128m[    script:EasyAdmin]  |______ |     | ______|    |    |     | |_____/ |  |  | __|__ |  \_|
[38;5;128m[    script:EasyAdmin]                            Version 6.0
[38;5;175m[     script:prp-base] [prp-base]: prp-base has been loaded successfully!
[38;5;98m[ script:prp-mechanic] Coded for WonderRP
[38;5;154m[   script:mapmanager] Started map fivem-map-hipster
[38;5;73m[ citizen-server-impl] Started resource fivem-map-hipster
[38;5;73m[ citizen-server-impl] server thread hitch warning: timer interval of 2148 milliseconds
[38;5;104m[script:discord_perms] An error occured, please check your config and ensure everything is correct. Error: 401
[38;5;161m[    c-scripting-core] InvokeNative: execution failed: Argument at index 0 was null.
[38;5;175m[     script:prp-base] SCRIPT ERROR: Execution of native 000000006e31e993 in script host failed: Argument at index 0 was null.
[38;5;116m[script:prp-inventory] [prp-inventory]: Authorized.
[38;5;220m[    script:prp-phone] [prp-phone]: AUTHORIZED
[38;5;159m[  script:mysql-async] [mysql-async] [SUCCESS] Database server connection established.
[38;5;73m[ citizen-server-impl]         fff                          
[38;5;73m[ citizen-server-impl]   cccc ff   xx  xx     rr rr    eee  
[38;5;73m[ citizen-server-impl] cc     ffff   xx       rrr  r ee   e 
[38;5;73m[ citizen-server-impl] cc     ff     xx   ... rr     eeeee  
[38;5;73m[ citizen-server-impl]  ccccc ff   xx  xx ... rr      eeeee 
[38;5;73m[ citizen-server-impl]                                      
[38;5;73m[ citizen-server-impl] Authenticated with cfx.re Nucleus: https://benzovvv-p56a9a.users.cfx.re/
[38;5;128m[    script:EasyAdmin] 
[38;5;128m[    script:EasyAdmin] --------------------------------------------------------------------------
[38;5;128m[    script:EasyAdmin] 
[38;5;128m[    script:EasyAdmin] EasyAdmin (EasyAdmin) is outdated.
[38;5;128m[    script:EasyAdmin] Newest Version: 6.01
[38;5;128m[    script:EasyAdmin] Your Version: 6.0
[38;5;128m[    script:EasyAdmin] Please update it from https://github.com/Blumlaut/EasyAdmin
[38;5;128m[    script:EasyAdmin] 
[38;5;128m[    script:EasyAdmin] Update Changelog:
[38;5;128m[    script:EasyAdmin] Lots and lots and LOTS of improvements! Temporary+Permanent Ban Permission! Revamped Webhooks, Optimisations
[38;5;128m[    script:EasyAdmin] 
[38;5;128m[    script:EasyAdmin] --------------------------------------------------------------------------
[38;5;73m[ citizen-server-impl] -- [server notice: hostname_rework]
[38;5;73m[ citizen-server-impl] You don't have sv_projectName/sv_projectDesc set.
[38;5;73m[ citizen-server-impl] These variables augment sv_hostname and fix your server name being cut off in the server list.
[38;5;73m[ citizen-server-impl] Use `sets sv_projectName ..` and `sets sv_projectDesc ..` to set them.
[38;5;73m[ citizen-server-impl] 
[38;5;73m[ citizen-server-impl] -- [server notice: tebex_not_set]
[38;5;73m[ citizen-server-impl] ================
[38;5;73m[ citizen-server-impl] Monetize your server using Tebex! Visit https://tebex.io/fivem for more info.
[38;5;73m[ citizen-server-impl] ================
[38;5;73m[ citizen-server-impl] 
[38;5;73m[ citizen-server-impl] sync thread hitch warning: timer interval of 128 milliseconds
[38;5;73m[ citizen-server-impl] server thread hitch warning: timer interval of 162 milliseconds
[38;5;73m[ citizen-server-impl] sync thread hitch warning: timer interval of 119 milliseconds
[38;5;73m[ citizen-server-impl] sync thread hitch warning: timer interval of 106 milliseconds
[38;5;73m[ citizen-server-impl] sync thread hitch warning: timer interval of 101 milliseconds
[38;5;73m[ citizen-server-impl] sync thread hitch warning: timer interval of 102 milliseconds
[38;5;73m[ citizen-server-impl] sync thread hitch warning: timer interval of 109 milliseconds
[38;5;73m[ citizen-server-impl] sync thread hitch warning: timer interval of 147 milliseconds
[38;5;73m[ citizen-server-impl] server thread hitch warning: timer interval of 155 milliseconds
[38;5;73m[ citizen-server-impl] sync thread hitch warning: timer interval of 107 milliseconds
[38;5;73m[ citizen-server-impl] sync thread hitch warning: timer interval of 114 milliseconds
[38;5;73m[ citizen-server-impl] sync thread hitch warning: timer interval of 141 milliseconds
[38;5;73m[ citizen-server-impl] server thread hitch warning: timer interval of 158 milliseconds
[38;5;73m[ citizen-server-impl] sync thread hitch warning: timer interval of 113 milliseconds
[38;5;73m[ citizen-server-impl] server thread hitch warning: timer interval of 155 milliseconds
[38;5;73m[ citizen-server-impl] sync thread hitch warning: timer interval of 122 milliseconds
[38;5;73m[ citizen-server-impl] sync thread hitch warning: timer interval of 124 milliseconds
[38;5;73m[ citizen-server-impl] sync thread hitch warning: timer interval of 168 milliseconds
[38;5;73m[ citizen-server-impl] server thread hitch warning: timer interval of 211 milliseconds
[38;5;73m[ citizen-server-impl] sync thread hitch warning: timer interval of 114 milliseconds
[38;5;73m[ citizen-server-impl] sync thread hitch warning: timer interval of 115 milliseconds
[38;5;73m[ citizen-server-impl] sync thread hitch warning: timer interval of 124 milliseconds
[38;5;73m[ citizen-server-impl] sync thread hitch warning: timer interval of 136 milliseconds
[38;5;73m[ citizen-server-impl] sync thread hitch warning: timer interval of 121 milliseconds
[38;5;73m[ citizen-server-impl] sync thread hitch warning: timer interval of 119 milliseconds
[38;5;220m[    script:prp-phone] Player Table : [{"timeJoined":68345,"sourceID":"steam:11000013fcd2349"}]
[38;5;134m[      script:hardcap] Connecting: Evan
[38;5;73m[ citizen-server-impl] sync thread hitch warning: timer interval of 141 milliseconds
[38;5;73m[ citizen-server-impl] server thread hitch warning: timer interval of 185 milliseconds
[38;5;73m[ citizen-server-impl] sync thread hitch warning: timer interval of 104 milliseconds
[38;5;73m[ citizen-server-impl] sync thread hitch warning: timer interval of 120 milliseconds
[38;5;73m[ citizen-server-impl] server thread hitch warning: timer interval of 162 milliseconds
[38;5;73m[ citizen-server-impl] sync thread hitch warning: timer interval of 113 milliseconds
[38;5;73m[ citizen-server-impl] server thread hitch warning: timer interval of 159 milliseconds
[38;5;73m[ citizen-server-impl] server thread hitch warning: timer interval of 170 milliseconds
[38;5;73m[ citizen-server-impl] sync thread hitch warning: timer interval of 113 milliseconds
[38;5;73m[ citizen-server-impl] sync thread hitch warning: timer interval of 130 milliseconds
[38;5;73m[ citizen-server-impl] sync thread hitch warning: timer interval of 107 milliseconds
[38;5;73m[ citizen-server-impl] Sending heartbeat to https://servers-ingress-live.fivem.net/ingress
[38;5;73m[ citizen-server-impl] sync thread hitch warning: timer interval of 111 milliseconds
[38;5;73m[ citizen-server-impl] server thread hitch warning: timer interval of 202 milliseconds
[38;5;73m[ citizen-server-impl] sync thread hitch warning: timer interval of 249 milliseconds
[38;5;73m[ citizen-server-impl] sync thread hitch warning: timer interval of 107 milliseconds
[38;5;73m[ citizen-server-impl] server thread hitch warning: timer interval of 158 milliseconds
[38;5;73m[ citizen-server-impl] server thread hitch warning: timer interval of 193 milliseconds
[38;5;116m[script:prp-inventory] [prp-inventory] Drops & broken items were deleted.
[38;5;159m[  script:mysql-async] [MariaDB:10.4.19-MariaDB] [WARNING] [prp-inventory] [165ms] SELECT count(item_id) as amount, id, item_id, name, information, slot, dropped FROM user_inventory2 WHERE name = 'ply-1' group by item_id : []
[38;5;84m[   script:prp-motels] 4
[38;5;73m[ citizen-server-impl] sync thread hitch warning: timer interval of 111 milliseconds
[38;5;73m[ citizen-server-impl] server thread hitch warning: timer interval of 161 milliseconds
[38;5;73m[ citizen-server-impl] Sending heartbeat to https://servers-ingress-live.fivem.net/ingress
[38;5;73m[ citizen-server-impl] sync thread hitch warning: timer interval of 101 milliseconds
[38;5;73m[ citizen-server-impl] sync thread hitch warning: timer interval of 146 milliseconds
[38;5;73m[ citizen-server-impl] server thread hitch warning: timer interval of 170 milliseconds
[38;5;73m[ citizen-server-impl] server thread hitch warning: timer interval of 230 milliseconds
[38;5;73m[ citizen-server-impl] sync thread hitch warning: timer interval of 148 milliseconds
[38;5;73m[ citizen-server-impl] Couldn't find resource prp-garages.
[38;5;73m[ citizen-server-impl] Stopping resource prp-garage
[38;5;161m[    c-scripting-core] Creating script environments for prp-garage
[38;5;73m[ citizen-server-impl] Started resource prp-garage
[38;5;73m[ citizen-server-impl] server thread hitch warning: timer interval of 172 milliseconds
[38;5;73m[ citizen-server-impl] server thread hitch warning: timer interval of 168 milliseconds
[38;5;73m[ citizen-server-impl] sync thread hitch warning: timer interval of 104 milliseconds
[38;5;73m[ citizen-server-impl] Stopping resource prp-garage
[38;5;161m[    c-scripting-core] Creating script environments for prp-garage
[38;5;73m[ citizen-server-impl] Started resource prp-garage
[38;5;73m[ citizen-server-impl] sync thread hitch warning: timer interval of 103 milliseconds
[38;5;73m[ citizen-server-impl] sync thread hitch warning: timer interval of 108 milliseconds
[38;5;73m[ citizen-server-impl] Stopping resource prp-garage
[38;5;161m[    c-scripting-core] Creating script environments for prp-garage
[38;5;73m[ citizen-server-impl] Started resource prp-garage
[38;5;73m[ citizen-server-impl] server thread hitch warning: timer interval of 151 milliseconds
[38;5;73m[ citizen-server-impl] Stopping resource prp-garage
[38;5;161m[    c-scripting-core] Creating script environments for prp-garage
[38;5;73m[ citizen-server-impl] Started resource prp-garage
[38;5;73m[ citizen-server-impl] Stopping resource prp-garage
[38;5;161m[    c-scripting-core] Creating script environments for prp-garage
[38;5;73m[ citizen-server-impl] Started resource prp-garage
[38;5;73m[ citizen-server-impl] Sending heartbeat to https://servers-ingress-live.fivem.net/ingress
[38;5;73m[ citizen-server-impl] Stopping resource prp-garage
[38;5;161m[    c-scripting-core] Creating script environments for prp-garage
[38;5;73m[ citizen-server-impl] Started resource prp-garage
[38;5;73m[ citizen-server-impl] Stopping resource prp-garage
[38;5;161m[    c-scripting-core] Creating script environments for prp-garage
[38;5;73m[ citizen-server-impl] Started resource prp-garage
[38;5;73m[ citizen-server-impl] sync thread hitch warning: timer interval of 148 milliseconds
[38;5;73m[ citizen-server-impl] server thread hitch warning: timer interval of 185 milliseconds
[38;5;73m[ citizen-server-impl] Sending heartbeat to https://servers-ingress-live.fivem.net/ingress
[38;5;73m[ citizen-server-impl] sync thread hitch warning: timer interval of 103 milliseconds
[38;5;73m[ citizen-server-impl] server thread hitch warning: timer interval of 154 milliseconds
[38;5;73m[ citizen-server-impl] server thread hitch warning: timer interval of 167 milliseconds
[38;5;73m[ citizen-server-impl] sync thread hitch warning: timer interval of 108 milliseconds
[38;5;73m[ citizen-server-impl] sync thread hitch warning: timer interval of 101 milliseconds
[38;5;73m[ citizen-server-impl] server thread hitch warning: timer interval of 222 milliseconds
[38;5;73m[ citizen-server-impl] sync thread hitch warning: timer interval of 127 milliseconds
[38;5;73m[ citizen-server-impl] Stopping resource prp-garage
[38;5;161m[    c-scripting-core] Creating script environments for prp-garage
[38;5;73m[ citizen-server-impl] Started resource prp-garage
[38;5;73m[ citizen-server-impl] Sending heartbeat to https://servers-ingress-live.fivem.net/ingress
[38;5;175m[     script:prp-base] ID: 1 | Damage: 26
[38;5;175m[     script:prp-base] ID: 1 | Damage: 80
[38;5;159m[  script:mysql-async] [MariaDB:10.4.19-MariaDB] [WARNING] [prp-inventory] [206ms] UPDATE user_inventory2 SET slot='1', name='ply-1', dropped='0' WHERE slot='6' and name='ply-1' : []
[38;5;159m[  script:mysql-async] [MariaDB:10.4.19-MariaDB] [WARNING] [prp-inventory] [165ms] UPDATE user_inventory2 SET slot='10', name='ply-1', dropped='0' WHERE slot='9' and name='ply-1' : []
[38;5;73m[ citizen-server-impl] Sending heartbeat to https://servers-ingress-live.fivem.net/ingress
[38;5;73m[ citizen-server-impl] network thread hitch warning: timer interval of 219 milliseconds
[38;5;73m[ citizen-server-impl] server thread hitch warning: timer interval of 486 milliseconds
[38;5;73m[ citizen-server-impl] sync thread hitch warning: timer interval of 449 milliseconds
[38;5;73m[ citizen-server-impl] sync thread hitch warning: timer interval of 159 milliseconds
[38;5;73m[ citizen-server-impl] server thread hitch warning: timer interval of 209 milliseconds
[38;5;73m[ citizen-server-impl] sync thread hitch warning: timer interval of 116 milliseconds
[38;5;73m[ citizen-server-impl] server thread hitch warning: timer interval of 183 milliseconds
[38;5;73m[ citizen-server-impl] Sending heartbeat to https://servers-ingress-live.fivem.net/ingress
[38;5;73m[ citizen-server-impl] server thread hitch warning: timer interval of 172 milliseconds
[38;5;73m[ citizen-server-impl] sync thread hitch warning: timer interval of 112 milliseconds
[38;5;73m[ citizen-server-impl] sync thread hitch warning: timer interval of 141 milliseconds
[38;5;73m[ citizen-server-impl] server thread hitch warning: timer interval of 161 milliseconds
[38;5;73m[ citizen-server-impl] sync thread hitch warning: timer interval of 132 milliseconds
[38;5;73m[ citizen-server-impl] server thread hitch warning: timer interval of 170 milliseconds
[38;5;73m[ citizen-server-impl] sync thread hitch warning: timer interval of 104 milliseconds
[38;5;73m[ citizen-server-impl] server thread hitch warning: timer interval of 169 milliseconds
[38;5;73m[ citizen-server-impl] sync thread hitch warning: timer interval of 117 milliseconds
[38;5;73m[ citizen-server-impl] sync thread hitch warning: timer interval of 109 milliseconds
[38;5;73m[ citizen-server-impl] Sending heartbeat to https://servers-ingress-live.fivem.net/ingress
[38;5;73m[ citizen-server-impl] server thread hitch warning: timer interval of 163 milliseconds
[38;5;73m[ citizen-server-impl] sync thread hitch warning: timer interval of 109 milliseconds
[38;5;73m[ citizen-server-impl] sync thread hitch warning: timer interval of 101 milliseconds
[38;5;73m[ citizen-server-impl] sync thread hitch warning: timer interval of 106 milliseconds
[38;5;73m[ citizen-server-impl] sync thread hitch warning: timer interval of 119 milliseconds
[38;5;73m[ citizen-server-impl] sync thread hitch warning: timer interval of 101 milliseconds
[38;5;73m[ citizen-server-impl] sync thread hitch warning: timer interval of 134 milliseconds
[38;5;73m[ citizen-server-impl] sync thread hitch warning: timer interval of 103 milliseconds
[38;5;73m[ citizen-server-impl] sync thread hitch warning: timer interval of 118 milliseconds
[38;5;73m[ citizen-server-impl] server thread hitch warning: timer interval of 155 milliseconds
[38;5;73m[ citizen-server-impl] sync thread hitch warning: timer interval of 108 milliseconds
[38;5;73m[ citizen-server-impl] server thread hitch warning: timer interval of 162 milliseconds
[38;5;73m[ citizen-server-impl] Sending heartbeat to https://servers-ingress-live.fivem.net/ingress
[38;5;73m[ citizen-server-impl] sync thread hitch warning: timer interval of 122 milliseconds
[38;5;73m[ citizen-server-impl] server thread hitch warning: timer interval of 165 milliseconds
[38;5;73m[ citizen-server-impl] server thread hitch warning: timer interval of 167 milliseconds
[38;5;73m[ citizen-server-impl] sync thread hitch warning: timer interval of 105 milliseconds
[38;5;73m[ citizen-server-impl] server thread hitch warning: timer interval of 169 milliseconds
[38;5;73m[ citizen-server-impl] server thread hitch warning: timer interval of 163 milliseconds
[38;5;73m[ citizen-server-impl] sync thread hitch warning: timer interval of 108 milliseconds
[38;5;73m[ citizen-server-impl] server thread hitch warning: timer interval of 164 milliseconds
[38;5;73m[ citizen-server-impl] sync thread hitch warning: timer interval of 134 milliseconds
[38;5;73m[ citizen-server-impl] server thread hitch warning: timer interval of 151 milliseconds
[38;5;73m[ citizen-server-impl] sync thread hitch warning: timer interval of 162 milliseconds
[38;5;73m[ citizen-server-impl] server thread hitch warning: timer interval of 164 milliseconds
[38;5;73m[ citizen-server-impl] sync thread hitch warning: timer interval of 132 milliseconds
[38;5;73m[ citizen-server-impl] server thread hitch warning: timer interval of 189 milliseconds
[38;5;73m[ citizen-server-impl] sync thread hitch warning: timer interval of 117 milliseconds
[38;5;73m[ citizen-server-impl] server thread hitch warning: timer interval of 158 milliseconds
[38;5;73m[ citizen-server-impl] sync thread hitch warning: timer interval of 111 milliseconds
[38;5;73m[ citizen-server-impl] sync thread hitch warning: timer interval of 108 milliseconds
[38;5;73m[ citizen-server-impl] server thread hitch warning: timer interval of 164 milliseconds
[38;5;73m[ citizen-server-impl] sync thread hitch warning: timer interval of 123 milliseconds
[38;5;73m[ citizen-server-impl] sync thread hitch warning: timer interval of 112 milliseconds
[38;5;73m[ citizen-server-impl] sync thread hitch warning: timer interval of 114 milliseconds
[38;5;73m[ citizen-server-impl] sync thread hitch warning: timer interval of 118 milliseconds
[38;5;73m[ citizen-server-impl] server thread hitch warning: timer interval of 152 milliseconds
[38;5;73m[ citizen-server-impl] sync thread hitch warning: timer interval of 103 milliseconds
[38;5;73m[ citizen-server-impl] sync thread hitch warning: timer interval of 105 milliseconds
[38;5;73m[ citizen-server-impl] sync thread hitch warning: timer interval of 127 milliseconds
[38;5;73m[ citizen-server-impl] Sending heartbeat to https://servers-ingress-live.fivem.net/ingress
[38;5;73m[ citizen-server-impl] server thread hitch warning: timer interval of 271 milliseconds
[38;5;73m[ citizen-server-impl] sync thread hitch warning: timer interval of 186 milliseconds
[38;5;73m[ citizen-server-impl] sync thread hitch warning: timer interval of 115 milliseconds
[38;5;73m[ citizen-server-impl] sync thread hitch warning: timer interval of 106 milliseconds
[38;5;73m[ citizen-server-impl] server thread hitch warning: timer interval of 186 milliseconds
[38;5;73m[ citizen-server-impl] sync thread hitch warning: timer interval of 134 milliseconds
[38;5;73m[ citizen-server-impl] sync thread hitch warning: timer interval of 106 milliseconds
[38;5;73m[ citizen-server-impl] sync thread hitch warning: timer interval of 101 milliseconds
[38;5;73m[ citizen-server-impl] server thread hitch warning: timer interval of 296 milliseconds
[38;5;73m[ citizen-server-impl] sync thread hitch warning: timer interval of 114 milliseconds
[38;5;73m[ citizen-server-impl] sync thread hitch warning: timer interval of 145 milliseconds
[38;5;73m[ citizen-server-impl] sync thread hitch warning: timer interval of 154 milliseconds
[38;5;73m[ citizen-server-impl] server thread hitch warning: timer interval of 196 milliseconds
[38;5;73m[ citizen-server-impl] sync thread hitch warning: timer interval of 109 milliseconds
[38;5;73m[ citizen-server-impl] server thread hitch warning: timer interval of 157 milliseconds
[38;5;73m[ citizen-server-impl] server thread hitch warning: timer interval of 151 milliseconds
[38;5;73m[ citizen-server-impl] server thread hitch warning: timer interval of 152 milliseconds
[38;5;73m[ citizen-server-impl] sync thread hitch warning: timer interval of 102 milliseconds
[38;5;73m[ citizen-server-impl] server thread hitch warning: timer interval of 197 milliseconds
[38;5;73m[ citizen-server-impl] sync thread hitch warning: timer interval of 114 milliseconds
[38;5;73m[ citizen-server-impl] sync thread hitch warning: timer interval of 112 milliseconds
[38;5;73m[ citizen-server-impl] sync thread hitch warning: timer interval of 122 milliseconds
[38;5;73m[ citizen-server-impl] Sending heartbeat to https://servers-ingress-live.fivem.net/ingress
[38;5;159m[  script:mysql-async] [MariaDB:10.4.19-MariaDB] [WARNING] [prp-inventory] [259ms] SELECT count(item_id) as amount, item_id, id, name, information, slot, dropped, creationDate, MIN(creationDate) as creationDate, quality FROM user_inventory2 WHERE name = 'ply-1' group by item_id : []
[38;5;159m[  script:mysql-async] [MariaDB:10.4.19-MariaDB] [WARNING] [prp-inventory] [225ms] SELECT count(item_id) as amount, id, name, item_id, information, slot, dropped,quality, creationDate FROM user_inventory2 where name= 'ply-1' group by slot : []
[38;5;73m[ citizen-server-impl] server thread hitch warning: timer interval of 159 milliseconds
[38;5;73m[ citizen-server-impl] sync thread hitch warning: timer interval of 111 milliseconds
[38;5;73m[ citizen-server-impl] sync thread hitch warning: timer interval of 103 milliseconds
[38;5;73m[ citizen-server-impl] Sending heartbeat to https://servers-ingress-live.fivem.net/ingress
[38;5;73m[ citizen-server-impl] sync thread hitch warning: timer interval of 116 milliseconds
[38;5;73m[ citizen-server-impl] sync thread hitch warning: timer interval of 103 milliseconds
[38;5;73m[ citizen-server-impl] server thread hitch warning: timer interval of 183 milliseconds
[38;5;73m[ citizen-server-impl] sync thread hitch warning: timer interval of 137 milliseconds
[38;5;73m[ citizen-server-impl] server thread hitch warning: timer interval of 154 milliseconds
[38;5;73m[ citizen-server-impl] sync thread hitch warning: timer interval of 101 milliseconds
[38;5;73m[ citizen-server-impl] sync thread hitch warning: timer interval of 119 milliseconds
[38;5;73m[ citizen-server-impl] sync thread hitch warning: timer interval of 110 milliseconds
[38;5;73m[ citizen-server-impl] server thread hitch warning: timer interval of 187 milliseconds
[38;5;73m[ citizen-server-impl] sync thread hitch warning: timer interval of 106 milliseconds
[38;5;73m[ citizen-server-impl] sync thread hitch warning: timer interval of 107 milliseconds
[38;5;73m[ citizen-server-impl] sync thread hitch warning: timer interval of 130 milliseconds
[38;5;73m[ citizen-server-impl] sync thread hitch warning: timer interval of 106 milliseconds
[38;5;73m[ citizen-server-impl] server thread hitch warning: timer interval of 184 milliseconds
[38;5;73m[ citizen-server-impl] sync thread hitch warning: timer interval of 133 milliseconds
[38;5;73m[ citizen-server-impl] server thread hitch warning: timer interval of 162 milliseconds
[38;5;73m[ citizen-server-impl] sync thread hitch warning: timer interval of 105 milliseconds
[38;5;73m[ citizen-server-impl] sync thread hitch warning: timer interval of 143 milliseconds
[38;5;73m[ citizen-server-impl] server thread hitch warning: timer interval of 168 milliseconds
[38;5;73m[ citizen-server-impl] sync thread hitch warning: timer interval of 109 milliseconds
[38;5;73m[ citizen-server-impl] sync thread hitch warning: timer interval of 103 milliseconds
[38;5;73m[ citizen-server-impl] Sending heartbeat to https://servers-ingress-live.fivem.net/ingress
[38;5;73m[ citizen-server-impl] sync thread hitch warning: timer interval of 146 milliseconds
[38;5;73m[ citizen-server-impl] server thread hitch warning: timer interval of 160 milliseconds
[38;5;73m[ citizen-server-impl] sync thread hitch warning: timer interval of 130 milliseconds
[38;5;73m[ citizen-server-impl] server thread hitch warning: timer interval of 192 milliseconds
[38;5;73m[ citizen-server-impl] server thread hitch warning: timer interval of 151 milliseconds
[38;5;73m[ citizen-server-impl] Stopping resource prp-garage
[38;5;161m[    c-scripting-core] Creating script environments for prp-garage
[38;5;73m[ citizen-server-impl] Started resource prp-garage
[38;5;73m[ citizen-server-impl] Stopping resource prp-garage
[38;5;161m[    c-scripting-core] Creating script environments for prp-garage
[38;5;73m[ citizen-server-impl] Started resource prp-garage
[38;5;73m[ citizen-server-impl] sync thread hitch warning: timer interval of 125 milliseconds
[38;5;73m[ citizen-server-impl] server thread hitch warning: timer interval of 166 milliseconds
[38;5;73m[ citizen-server-impl] Stopping resource prp-garage
[38;5;161m[    c-scripting-core] Creating script environments for prp-garage
[38;5;73m[ citizen-server-impl] Started resource prp-garage
[38;5;73m[ citizen-server-impl] server thread hitch warning: timer interval of 180 milliseconds
[38;5;73m[ citizen-server-impl] sync thread hitch warning: timer interval of 114 milliseconds
[38;5;73m[ citizen-server-impl] Stopping resource prp-garage
[38;5;161m[    c-scripting-core] Creating script environments for prp-garage
[38;5;73m[ citizen-server-impl] Started resource prp-garage
[38;5;73m[ citizen-server-impl] server thread hitch warning: timer interval of 165 milliseconds
[38;5;73m[ citizen-server-impl] Sending heartbeat to https://servers-ingress-live.fivem.net/ingress
[38;5;73m[ citizen-server-impl] sync thread hitch warning: timer interval of 145 milliseconds
[38;5;73m[ citizen-server-impl] server thread hitch warning: timer interval of 181 milliseconds
[38;5;73m[ citizen-server-impl] sync thread hitch warning: timer interval of 117 milliseconds
[38;5;73m[ citizen-server-impl] sync thread hitch warning: timer interval of 102 milliseconds
[38;5;73m[ citizen-server-impl] sync thread hitch warning: timer interval of 126 milliseconds
[38;5;73m[ citizen-server-impl] sync thread hitch warning: timer interval of 127 milliseconds
[38;5;73m[ citizen-server-impl] sync thread hitch warning: timer interval of 118 milliseconds
[38;5;73m[ citizen-server-impl] server thread hitch warning: timer interval of 169 milliseconds
[38;5;73m[ citizen-server-impl] sync thread hitch warning: timer interval of 101 milliseconds
[38;5;73m[ citizen-server-impl] Stopping resource prp-garage
[38;5;161m[    c-scripting-core] Creating script environments for prp-garage
[38;5;73m[ citizen-server-impl] Started resource prp-garage
[38;5;73m[ citizen-server-impl] sync thread hitch warning: timer interval of 106 milliseconds
[38;5;73m[ citizen-server-impl] Stopping resource prp-garage
[38;5;161m[    c-scripting-core] Creating script environments for prp-garage
[38;5;73m[ citizen-server-impl] Started resource prp-garage
[38;5;73m[ citizen-server-impl] Stopping resource prp-garage
[38;5;161m[    c-scripting-core] Creating script environments for prp-garage
[38;5;73m[ citizen-server-impl] Started resource prp-garage
[38;5;73m[ citizen-server-impl] Sending heartbeat to https://servers-ingress-live.fivem.net/ingress
[38;5;73m[ citizen-server-impl] sync thread hitch warning: timer interval of 110 milliseconds
[38;5;73m[ citizen-server-impl] Sending heartbeat to https://servers-ingress-live.fivem.net/ingress
[38;5;73m[ citizen-server-impl] sync thread hitch warning: timer interval of 106 milliseconds
[38;5;73m[ citizen-server-impl] sync thread hitch warning: timer interval of 116 milliseconds
